\BOOKMARK [0][-]{chapter.1}{\376\377\000I\000n\000t\000r\000o\000d\000u\000c\000e\000r\000e}{}% 1
\BOOKMARK [1][-]{section.1.1}{\376\377\000C\000o\000n\000t\000e\000x\000t\000u\000l\000\040\002\031\000i\000\040\000m\000o\000t\000i\000v\000a\002\033\000i\000a\000\040\000l\000u\000c\000r\001\003\000r\000i\000i}{chapter.1}% 2
\BOOKMARK [1][-]{section.1.2}{\376\377\000S\000t\000u\000d\000i\000u\000\040\000c\000o\000m\000p\000a\000r\000a\000t\000i\000v\000\040\000c\000u\000\040\000a\000p\000l\000i\000c\000a\002\033\000i\000i\000l\000e\000\040\000e\000x\000i\000s\000t\000e\000n\000t\000e}{chapter.1}% 3
\BOOKMARK [2][-]{subsection.1.2.1}{\376\377\000A\000p\000l\000i\000c\000a\002\033\000i\000i\000\040\000i\000n\000t\000e\000r\000n\000a\002\033\000i\000o\000n\000a\000l\000e}{section.1.2}% 4
\BOOKMARK [2][-]{subsection.1.2.2}{\376\377\000A\000p\000l\000i\000c\000a\002\033\000i\000i\000\040\000r\000o\000m\000\342\000n\000e\002\031\000t\000i}{section.1.2}% 5
\BOOKMARK [2][-]{subsection.1.2.3}{\376\377\000A\000n\000a\000l\000i\000z\000a\000\040\000c\000o\000m\000p\000a\000r\000a\000t\000i\000v\001\003}{section.1.2}% 6
\BOOKMARK [1][-]{section.1.3}{\376\377\000P\000r\000e\000z\000e\000n\000t\000a\000r\000e\000a\000\040\000a\000p\000l\000i\000c\000a\002\033\000i\000e\000i\000\040\000M\000e\000d\000i\000L\000i\000n\000k}{chapter.1}% 7
\BOOKMARK [2][-]{subsection.1.3.1}{\376\377\000F\000u\000n\000c\002\033\000i\000o\000n\000a\000l\000i\000t\001\003\002\033\000i\000\040\000p\000e\000n\000t\000r\000u\000\040\000p\000a\000c\000i\000e\000n\002\033\000i}{section.1.3}% 8
\BOOKMARK [2][-]{subsection.1.3.2}{\376\377\000F\000u\000n\000c\002\033\000i\000o\000n\000a\000l\000i\000t\001\003\002\033\000i\000\040\000p\000e\000n\000t\000r\000u\000\040\000m\000e\000d\000i\000c\000i}{section.1.3}% 9
\BOOKMARK [2][-]{subsection.1.3.3}{\376\377\000F\000u\000n\000c\002\033\000i\000o\000n\000a\000l\000i\000t\001\003\002\033\000i\000\040\000p\000e\000n\000t\000r\000u\000\040\000a\000s\000i\000s\000t\000e\000n\002\033\000i\000\040\000m\000e\000d\000i\000c\000a\000l\000i}{section.1.3}% 10
\BOOKMARK [2][-]{subsection.1.3.4}{\376\377\000F\000u\000n\000c\002\033\000i\000o\000n\000a\000l\000i\000t\001\003\002\033\000i\000\040\000a\000d\000m\000i\000n\000i\000s\000t\000r\000a\000t\000i\000v\000e}{section.1.3}% 11
\BOOKMARK [1][-]{section.1.4}{\376\377\000S\000t\000r\000u\000c\000t\000u\000r\000a\000\040\000l\000u\000c\000r\001\003\000r\000i\000i}{chapter.1}% 12
\BOOKMARK [1][-]{section.1.5}{\376\377\000C\000o\000n\000t\000r\000i\000b\000u\002\033\000i\000i\000\040\000o\000r\000i\000g\000i\000n\000a\000l\000e}{chapter.1}% 13
\BOOKMARK [0][-]{chapter.2}{\376\377\000N\000o\002\033\000i\000u\000n\000i\000\040\000t\000e\000o\000r\000e\000t\000i\000c\000e\000\040\002\031\000i\000\040\000t\000e\000h\000n\000o\000l\000o\000g\000i\000i\000\040\000u\000t\000i\000l\000i\000z\000a\000t\000e}{}% 14
\BOOKMARK [1][-]{section.2.1}{\376\377\000A\000r\000h\000i\000t\000e\000c\000t\000u\000r\000a\000\040\000a\000p\000l\000i\000c\000a\002\033\000i\000i\000l\000o\000r\000\040\000w\000e\000b\000\040\000m\000o\000d\000e\000r\000n\000e}{chapter.2}% 15
\BOOKMARK [2][-]{subsection.2.1.1}{\376\377\000M\000o\000d\000e\000l\000u\000l\000\040\000c\000l\000i\000e\000n\000t\000-\000s\000e\000r\000v\000e\000r\000\040\002\031\000i\000\040\000a\000r\000h\000i\000t\000e\000c\000t\000u\000r\000a\000\040\000R\000E\000S\000T}{section.2.1}% 16
\BOOKMARK [2][-]{subsection.2.1.2}{\376\377\000A\000r\000h\000i\000t\000e\000c\000t\000u\000r\000a\000\040\000S\000i\000n\000g\000l\000e\000\040\000P\000a\000g\000e\000\040\000A\000p\000p\000l\000i\000c\000a\000t\000i\000o\000n\000\040\000\050\000S\000P\000A\000\051}{section.2.1}% 17
\BOOKMARK [1][-]{section.2.2}{\376\377\000F\000a\000s\000t\000A\000P\000I\000\040\040\024\000\040\000F\000r\000a\000m\000e\000w\000o\000r\000k\000-\000u\000l\000\040\000b\000a\000c\000k\000e\000n\000d}{chapter.2}% 18
\BOOKMARK [2][-]{subsection.2.2.1}{\376\377\000P\000r\000e\000z\000e\000n\000t\000a\000r\000e\000\040\000g\000e\000n\000e\000r\000a\000l\001\003}{section.2.2}% 19
\BOOKMARK [2][-]{subsection.2.2.2}{\376\377\000C\000a\000r\000a\000c\000t\000e\000r\000i\000s\000t\000i\000c\000i\000\040\000d\000i\000s\000t\000i\000n\000c\000t\000i\000v\000e}{section.2.2}% 20
\BOOKMARK [2][-]{subsection.2.2.3}{\376\377\000D\000e\000p\000e\000n\000d\000e\000n\000c\000y\000\040\000I\000n\000j\000e\000c\000t\000i\000o\000n\000\040\000\356\000n\000\040\000M\000e\000d\000i\000L\000i\000n\000k}{section.2.2}% 21
\BOOKMARK [1][-]{section.2.3}{\376\377\000A\000n\000g\000u\000l\000a\000r\000\040\0001\0009\000\040\040\024\000\040\000F\000r\000a\000m\000e\000w\000o\000r\000k\000-\000u\000l\000\040\000f\000r\000o\000n\000t\000e\000n\000d}{chapter.2}% 22
\BOOKMARK [2][-]{subsection.2.3.1}{\376\377\000P\000r\000e\000z\000e\000n\000t\000a\000r\000e\000\040\000g\000e\000n\000e\000r\000a\000l\001\003}{section.2.3}% 23
\BOOKMARK [2][-]{subsection.2.3.2}{\376\377\000C\000o\000m\000p\000o\000n\000e\000n\000t\000e\000\040\000S\000t\000a\000n\000d\000a\000l\000o\000n\000e}{section.2.3}% 24
\BOOKMARK [2][-]{subsection.2.3.3}{\376\377\000A\000n\000g\000u\000l\000a\000r\000\040\000M\000a\000t\000e\000r\000i\000a\000l\000\040\000D\000e\000s\000i\000g\000n\000\040\0003}{section.2.3}% 25
\BOOKMARK [1][-]{section.2.4}{\376\377\000P\000o\000s\000t\000g\000r\000e\000S\000Q\000L\000\040\040\024\000\040\000B\000a\000z\000a\000\040\000d\000e\000\040\000d\000a\000t\000e}{chapter.2}% 26
\BOOKMARK [2][-]{subsection.2.4.1}{\376\377\000P\000r\000e\000z\000e\000n\000t\000a\000r\000e\000\040\000g\000e\000n\000e\000r\000a\000l\001\003}{section.2.4}% 27
\BOOKMARK [2][-]{subsection.2.4.2}{\376\377\000S\000Q\000L\000A\000l\000c\000h\000e\000m\000y\000\040\000O\000R\000M}{section.2.4}% 28
\BOOKMARK [2][-]{subsection.2.4.3}{\376\377\000A\000l\000e\000m\000b\000i\000c\000\040\040\024\000\040\000M\000i\000g\000r\000a\002\033\000i\000i\000\040\000a\000l\000e\000\040\000s\000c\000h\000e\000m\000e\000i}{section.2.4}% 29
\BOOKMARK [1][-]{section.2.5}{\376\377\000R\000e\000d\000i\000s\000\040\040\024\000\040\000C\000a\000c\000h\000e\000\040\002\031\000i\000\040\000s\000e\000s\000i\000u\000n\000i}{chapter.2}% 30
\BOOKMARK [1][-]{section.2.6}{\376\377\000S\000e\000c\000u\000r\000i\000t\000a\000t\000e}{chapter.2}% 31
\BOOKMARK [2][-]{subsection.2.6.1}{\376\377\000A\000u\000t\000e\000n\000t\000i\000f\000i\000c\000a\000r\000e\000\040\000J\000W\000T}{section.2.6}% 32
\BOOKMARK [2][-]{subsection.2.6.2}{\376\377\000A\000u\000t\000e\000n\000t\000i\000f\000i\000c\000a\000r\000e\000\040\000\356\000n\000\040\000d\000o\000i\000\040\000f\000a\000c\000t\000o\000r\000i\000\040\000\050\0002\000F\000A\000/\000T\000O\000T\000P\000\051}{section.2.6}% 33
\BOOKMARK [2][-]{subsection.2.6.3}{\376\377\000C\000r\000i\000p\000t\000a\000r\000e\000a\000\040\000d\000a\000t\000e\000l\000o\000r\000\040\000m\000e\000d\000i\000c\000a\000l\000e\000\040\000s\000e\000n\000s\000i\000b\000i\000l\000e}{section.2.6}% 34
\BOOKMARK [2][-]{subsection.2.6.4}{\376\377\000R\000B\000A\000C\000\040\040\024\000\040\000C\000o\000n\000t\000r\000o\000l\000\040\000a\000l\000\040\000a\000c\000c\000e\000s\000u\000l\000u\000i\000\040\000b\000a\000z\000a\000t\000\040\000p\000e\000\040\000r\000o\000l\000u\000r\000i}{section.2.6}% 35
\BOOKMARK [1][-]{section.2.7}{\376\377\000I\000n\000t\000e\000l\000i\000g\000e\000n\002\033\000a\000\040\000a\000r\000t\000i\000f\000i\000c\000i\000a\000l\001\003\000\040\000\356\000n\000\040\000m\000e\000d\000i\000c\000i\000n\001\003}{chapter.2}% 36
\BOOKMARK [2][-]{subsection.2.7.1}{\376\377\000L\000a\000r\000g\000e\000\040\000L\000a\000n\000g\000u\000a\000g\000e\000\040\000M\000o\000d\000e\000l\000s\000\040\000\050\000L\000L\000M\000\051}{section.2.7}% 37
\BOOKMARK [2][-]{subsection.2.7.2}{\376\377\000A\000p\000l\000i\000c\000a\002\033\000i\000i\000\040\000A\000I\000\040\000\356\000n\000\040\000M\000e\000d\000i\000L\000i\000n\000k}{section.2.7}% 38
\BOOKMARK [1][-]{section.2.8}{\376\377\000C\000o\000m\000u\000n\000i\000c\000a\000r\000e\000\040\000\356\000n\000\040\000t\000i\000m\000p\000\040\000r\000e\000a\000l}{chapter.2}% 39
\BOOKMARK [2][-]{subsection.2.8.1}{\376\377\000W\000e\000b\000S\000o\000c\000k\000e\000t\000s}{section.2.8}% 40
\BOOKMARK [2][-]{subsection.2.8.2}{\376\377\000W\000e\000b\000R\000T\000C\000\040\040\024\000\040\000T\000e\000l\000e\000c\000o\000n\000s\000u\000l\000t\000a\002\033\000i\000i\000\040\000v\000i\000d\000e\000o}{section.2.8}% 41
\BOOKMARK [1][-]{section.2.9}{\376\377\000C\000o\000n\000t\000a\000i\000n\000e\000r\000i\000z\000a\000r\000e\000\040\000c\000u\000\040\000D\000o\000c\000k\000e\000r}{chapter.2}% 42
\BOOKMARK [1][-]{section.2.10}{\376\377\000G\000D\000P\000R\000\040\002\031\000i\000\040\000p\000r\000o\000t\000e\000c\002\033\000i\000a\000\040\000d\000a\000t\000e\000l\000o\000r\000\040\000m\000e\000d\000i\000c\000a\000l\000e}{chapter.2}% 43
\BOOKMARK [0][-]{chapter.3}{\376\377\000C\000o\000n\000t\000r\000i\000b\000u\002\033\000i\000i\000\040\000p\000e\000r\000s\000o\000n\000a\000l\000e}{}% 44
\BOOKMARK [1][-]{section.3.1}{\376\377\000A\000r\000h\000i\000t\000e\000c\000t\000u\000r\000a\000\040\000g\000e\000n\000e\000r\000a\000l\001\003\000\040\000a\000\040\000s\000i\000s\000t\000e\000m\000u\000l\000u\000i}{chapter.3}% 45
\BOOKMARK [1][-]{section.3.2}{\376\377\000M\000o\000d\000e\000l\000u\000l\000\040\000d\000e\000\040\000d\000a\000t\000e}{chapter.3}% 46
\BOOKMARK [2][-]{subsection.3.2.1}{\376\377\000E\000n\000t\000i\000t\001\003\002\033\000i\000l\000e\000\040\000p\000r\000i\000n\000c\000i\000p\000a\000l\000e}{section.3.2}% 47
\BOOKMARK [2][-]{subsection.3.2.2}{\376\377\000C\000h\000e\000i\000l\000e\000\040\000p\000r\000i\000m\000a\000r\000e\000\040\000U\000U\000I\000D}{section.3.2}% 48
\BOOKMARK [2][-]{subsection.3.2.3}{\376\377\000C\000r\000i\000p\000t\000a\000r\000e\000a\000\040\000t\000r\000a\000n\000s\000p\000a\000r\000e\000n\000t\001\003\000\040\040\024\000\040\000E\000n\000c\000r\000y\000p\000t\000e\000d\000S\000t\000r\000i\000n\000g}{section.3.2}% 49
\BOOKMARK [1][-]{section.3.3}{\376\377\000A\000P\000I\000\040\000R\000E\000S\000T\000\040\040\024\000\040\000S\000t\000r\000u\000c\000t\000u\000r\000a\000\040\002\031\000i\000\040\000i\000m\000p\000l\000e\000m\000e\000n\000t\000a\000r\000e\000a}{chapter.3}% 50
\BOOKMARK [2][-]{subsection.3.3.1}{\376\377\000O\000r\000g\000a\000n\000i\000z\000a\000r\000e\000a\000\040\000e\000n\000d\000p\000o\000i\000n\000t\000-\000u\000r\000i\000l\000o\000r}{section.3.3}% 51
\BOOKMARK [2][-]{subsection.3.3.2}{\376\377\000R\000a\000t\000e\000\040\000L\000i\000m\000i\000t\000i\000n\000g}{section.3.3}% 52
\BOOKMARK [1][-]{section.3.4}{\376\377\000S\000i\000s\000t\000e\000m\000u\000l\000\040\000d\000e\000\040\000a\000u\000t\000e\000n\000t\000i\000f\000i\000c\000a\000r\000e\000\040\002\031\000i\000\040\000s\000e\000c\000u\000r\000i\000t\000a\000t\000e}{chapter.3}% 53
\BOOKMARK [2][-]{subsection.3.4.1}{\376\377\000F\000l\000u\000x\000u\000l\000\040\000d\000e\000\040\000a\000u\000t\000e\000n\000t\000i\000f\000i\000c\000a\000r\000e}{section.3.4}% 54
\BOOKMARK [2][-]{subsection.3.4.2}{\376\377\000M\000i\000d\000d\000l\000e\000w\000a\000r\000e\000-\000u\000l\000\040\000d\000e\000\040\000a\000u\000t\000e\000n\000t\000i\000f\000i\000c\000a\000r\000e}{section.3.4}% 55
\BOOKMARK [2][-]{subsection.3.4.3}{\376\377\000M\000i\000d\000d\000l\000e\000w\000a\000r\000e\000\040\000R\000B\000A\000C}{section.3.4}% 56
\BOOKMARK [1][-]{section.3.5}{\376\377\000M\000o\000d\000u\000l\000u\000l\000\040\000d\000e\000\040\000f\000i\002\031\000e\000\040\000m\000e\000d\000i\000c\000a\000l\000e}{chapter.3}% 57
\BOOKMARK [2][-]{subsection.3.5.1}{\376\377\000T\000i\000p\000o\000l\000o\000g\000i\000a\000\040\000\356\000n\000r\000e\000g\000i\000s\000t\000r\001\003\000r\000i\000l\000o\000r\000\040\000m\000e\000d\000i\000c\000a\000l\000e}{section.3.5}% 58
\BOOKMARK [2][-]{subsection.3.5.2}{\376\377\000D\000e\000t\000e\000c\000t\000a\000r\000e\000a\000\040\000a\000u\000t\000o\000m\000a\000t\001\003\000\040\000a\000\040\000a\000n\000o\000m\000a\000l\000i\000i\000l\000o\000r}{section.3.5}% 59
\BOOKMARK [2][-]{subsection.3.5.3}{\376\377\000P\000a\000g\000i\000n\000a\000r\000e\000a\000\040\002\031\000i\000\040\000f\000i\000l\000t\000r\000a\000r\000e\000a}{section.3.5}% 60
\BOOKMARK [1][-]{section.3.6}{\376\377\000M\000o\000d\000u\000l\000u\000l\000\040\000d\000e\000\040\000s\000e\000m\000n\000e\000\040\000v\000i\000t\000a\000l\000e}{chapter.3}% 61
\BOOKMARK [2][-]{subsection.3.6.1}{\376\377\000P\000a\000r\000a\000m\000e\000t\000r\000i\000i\000\040\000m\000o\000n\000i\000t\000o\000r\000i\000z\000a\002\033\000i}{section.3.6}% 62
\BOOKMARK [2][-]{subsection.3.6.2}{\376\377\000V\000i\000z\000u\000a\000l\000i\000z\000a\000r\000e\000a\000\040\000g\000r\000a\000f\000i\000c\001\003}{section.3.6}% 63
\BOOKMARK [2][-]{subsection.3.6.3}{\376\377\000A\000l\000e\000r\000t\000e\000l\000e\000\040\000a\000u\000t\000o\000m\000a\000t\000e}{section.3.6}% 64
\BOOKMARK [1][-]{section.3.7}{\376\377\000S\000i\000s\000t\000e\000m\000u\000l\000\040\000d\000e\000\040\000p\000r\000o\000g\000r\000a\000m\001\003\000r\000i}{chapter.3}% 65
\BOOKMARK [2][-]{subsection.3.7.1}{\376\377\000C\000i\000c\000l\000u\000l\000\040\000d\000e\000\040\000v\000i\000a\002\033\001\003\000\040\000a\000l\000\040\000u\000n\000e\000i\000\040\000p\000r\000o\000g\000r\000a\000m\001\003\000r\000i}{section.3.7}% 66
\BOOKMARK [2][-]{subsection.3.7.2}{\376\377\000R\000e\000m\000i\000n\000d\000e\000r\000e\000\040\000a\000u\000t\000o\000m\000a\000t\000e}{section.3.7}% 67
\BOOKMARK [1][-]{section.3.8}{\376\377\000I\000n\000t\000e\000l\000i\000g\000e\000n\002\033\000a\000\040\000a\000r\000t\000i\000f\000i\000c\000i\000a\000l\001\003\000\040\040\024\000\040\000I\000m\000p\000l\000e\000m\000e\000n\000t\000a\000r\000e\000\040\000d\000e\000t\000a\000l\000i\000a\000t\001\003}{chapter.3}% 68
\BOOKMARK [2][-]{subsection.3.8.1}{\376\377\000C\000h\000a\000t\000\040\000m\000e\000d\000i\000c\000a\000l\000\040\000A\000I}{section.3.8}% 69
\BOOKMARK [2][-]{subsection.3.8.2}{\376\377\000P\000r\000e\000d\000i\000c\002\033\000i\000a\000\040\000r\000i\000s\000c\000u\000l\000u\000i\000\040\000m\000e\000d\000i\000c\000a\000l}{section.3.8}% 70
\BOOKMARK [1][-]{section.3.9}{\376\377\000T\000e\000l\000e\000c\000o\000n\000s\000u\000l\000t\000a\002\033\000i\000i\000\040\000v\000i\000d\000e\000o\000\040\040\024\000\040\000W\000e\000b\000R\000T\000C}{chapter.3}% 71
\BOOKMARK [2][-]{subsection.3.9.1}{\376\377\000A\000r\000h\000i\000t\000e\000c\000t\000u\000r\000a\000\040\000s\000e\000m\000n\000a\000l\000i\000z\001\003\000r\000i\000i}{section.3.9}% 72
\BOOKMARK [1][-]{section.3.10}{\376\377\000M\000e\000s\000a\000g\000e\000r\000i\000a\000\040\000\356\000n\000\040\000t\000i\000m\000p\000\040\000r\000e\000a\000l}{chapter.3}% 73
\BOOKMARK [2][-]{subsection.3.10.1}{\376\377\000A\000r\000h\000i\000t\000e\000c\000t\000u\000r\000a\000\040\000W\000e\000b\000S\000o\000c\000k\000e\000t}{section.3.10}% 74
\BOOKMARK [2][-]{subsection.3.10.2}{\376\377\000S\000e\000r\000v\000i\000c\000i\000u\000l\000\040\000A\000n\000g\000u\000l\000a\000r\000\040\000d\000e\000\040\000W\000e\000b\000S\000o\000c\000k\000e\000t}{section.3.10}% 75
\BOOKMARK [1][-]{section.3.11}{\376\377\000E\000x\000p\000o\000r\000t\000u\000l\000\040\000G\000D\000P\000R}{chapter.3}% 76
\BOOKMARK [1][-]{section.3.12}{\376\377\000I\000n\000t\000e\000r\000f\000a\002\033\000a\000\040\000c\000u\000\040\000u\000t\000i\000l\000i\000z\000a\000t\000o\000r\000u\000l}{chapter.3}% 77
\BOOKMARK [2][-]{subsection.3.12.1}{\376\377\000D\000e\000s\000i\000g\000n\000\040\000s\000y\000s\000t\000e\000m\000\040\040\024\000\040\000A\000n\000g\000u\000l\000a\000r\000\040\000M\000a\000t\000e\000r\000i\000a\000l\000\040\000M\0003}{section.3.12}% 78
\BOOKMARK [2][-]{subsection.3.12.2}{\376\377\000D\000i\000a\000g\000r\000a\000m\000a\000\040\000f\000l\000u\000x\000u\000l\000u\000i\000\040\000d\000e\000\040\000n\000a\000v\000i\000g\000a\000r\000e}{section.3.12}% 79
\BOOKMARK [2][-]{subsection.3.12.3}{\376\377\000R\000e\000s\000p\000o\000n\000s\000i\000v\000e\000\040\000d\000e\000s\000i\000g\000n}{section.3.12}% 80
\BOOKMARK [1][-]{section.3.13}{\376\377\000T\000e\000s\000t\000a\000r\000e\000a\000\040\000a\000p\000l\000i\000c\000a\002\033\000i\000e\000i}{chapter.3}% 81
\BOOKMARK [2][-]{subsection.3.13.1}{\376\377\000T\000e\000s\000t\000e\000\040\000u\000n\000i\000t\000a\000r\000e\000\040\000b\000a\000c\000k\000e\000n\000d}{section.3.13}% 82
\BOOKMARK [2][-]{subsection.3.13.2}{\376\377\000R\000u\000l\000a\000r\000e\000a\000\040\000t\000e\000s\000t\000e\000l\000o\000r}{section.3.13}% 83
\BOOKMARK [0][-]{chapter.4}{\376\377\000C\000o\000n\000c\000l\000u\000z\000i\000i\000\040\002\031\000i\000\040\000p\000e\000r\000s\000p\000e\000c\000t\000i\000v\000e\000\040\000d\000e\000\040\000d\000e\000z\000v\000o\000l\000t\000a\000r\000e}{}% 84
\BOOKMARK [1][-]{section.4.1}{\376\377\000C\000o\000n\000c\000l\000u\000z\000i\000i}{chapter.4}% 85
\BOOKMARK [1][-]{section.4.2}{\376\377\000L\000i\000m\000i\000t\001\003\000r\000i\000\040\000a\000c\000t\000u\000a\000l\000e}{chapter.4}% 86
\BOOKMARK [1][-]{section.4.3}{\376\377\000P\000e\000r\000s\000p\000e\000c\000t\000i\000v\000e\000\040\000d\000e\000\040\000d\000e\000z\000v\000o\000l\000t\000a\000r\000e}{chapter.4}% 87
\BOOKMARK [2][-]{subsection.4.3.1}{\376\377\000I\000n\000t\000e\000g\000r\000a\000r\000e\000a\000\040\000d\000i\000s\000p\000o\000z\000i\000t\000i\000v\000e\000l\000o\000r\000\040\000m\000e\000d\000i\000c\000a\000l\000e\000\040\000I\000o\000T}{section.4.3}% 88
\BOOKMARK [2][-]{subsection.4.3.2}{\376\377\000D\000i\000a\000g\000n\000o\000s\000t\000i\000c\000a\000r\000e\000\040\000a\000s\000i\000s\000t\000a\000t\001\003\000\040\000A\000I\000\040\000p\000r\000i\000n\000\040\000i\000m\000a\000g\000i\000n\000i\000\040\000m\000e\000d\000i\000c\000a\000l\000e}{section.4.3}% 89
\BOOKMARK [2][-]{subsection.4.3.3}{\376\377\000A\000n\000a\000l\000i\000z\001\003\000\040\000p\000r\000e\000d\000i\000c\000t\000i\000v\001\003\000\040\000p\000o\000p\000u\000l\000a\002\033\000i\000o\000n\000a\000l\001\003}{section.4.3}% 90
\BOOKMARK [2][-]{subsection.4.3.4}{\376\377\000A\000p\000l\000i\000c\000a\002\033\000i\000e\000\040\000m\000o\000b\000i\000l\001\003}{section.4.3}% 91
\BOOKMARK [2][-]{subsection.4.3.5}{\376\377\000C\000o\000n\000f\000o\000r\000m\000i\000t\000a\000t\000e\000\040\000H\000L\0007\000\040\000F\000H\000I\000R\000\040\002\031\000i\000\040\000S\000p\000a\002\033\000i\000u\000l\000\040\000E\000u\000r\000o\000p\000e\000a\000n\000\040\000a\000l\000\040\000D\000a\000t\000e\000l\000o\000r\000\040\000d\000e\000\040\000S\001\003\000n\001\003\000t\000a\000t\000e}{section.4.3}% 92
\BOOKMARK [2][-]{subsection.4.3.6}{\376\377\000S\000i\000s\000t\000e\000m\000\040\000d\000e\000\040\000t\000e\000l\000e\000m\000e\000d\000i\000c\000i\000n\001\003\000\040\000a\000s\000i\000n\000c\000r\000o\000n\001\003}{section.4.3}% 93
\BOOKMARK [0][-]{chapter*.5}{\376\377\000B\000i\000b\000l\000i\000o\000g\000r\000a\000f\000i\000e}{}% 94
